[2025-05-26 23:08:56] local.ERROR: syntax error, unexpected variable "$fillable", expecting "function" {"exception":"[object] (Symfony\\Component\\ErrorHandler\\Error\\FatalError(code: 0): syntax error, unexpected variable \"$fillable\", expecting \"function\" at C:\\Users\\Laboratório 3\\Desktop\\LARAVEL\\prova\\app\\Models\\Genre.php:9)
[stacktrace]
#0 {main}
"} 
[2025-05-26 23:10:05] local.ERROR: Uncaught ErrorException: Undefined variable $table in C:\Users\Laboratório 3\Desktop\LARAVEL\prova\app\Models\Book.php:20
Stack trace:
#0 C:\Users\Laboratório 3\Desktop\LARAVEL\prova\vendor\laravel\framework\src\Illuminate\Foundation\Bootstrap\HandleExceptions.php(256): Illuminate\Foundation\Bootstrap\HandleExceptions->handleError()
#1 C:\Users\Laboratório 3\Desktop\LARAVEL\prova\app\Models\Book.php(20): Illuminate\Foundation\Bootstrap\HandleExceptions->Illuminate\Foundation\Bootstrap\{closure}()
#2 Command line code(1): include_once('...')
#3 {main}
  thrown {"exception":"[object] (Symfony\\Component\\ErrorHandler\\Error\\FatalError(code: 0): Uncaught ErrorException: Undefined variable $table in C:\\Users\\Laboratório 3\\Desktop\\LARAVEL\\prova\\app\\Models\\Book.php:20
Stack trace:
#0 C:\\Users\\Laboratório 3\\Desktop\\LARAVEL\\prova\\vendor\\laravel\\framework\\src\\Illuminate\\Foundation\\Bootstrap\\HandleExceptions.php(256): Illuminate\\Foundation\\Bootstrap\\HandleExceptions->handleError()
#1 C:\\Users\\Laboratório 3\\Desktop\\LARAVEL\\prova\\app\\Models\\Book.php(20): Illuminate\\Foundation\\Bootstrap\\HandleExceptions->Illuminate\\Foundation\\Bootstrap\\{closure}()
#2 Command line code(1): include_once('...')
#3 {main}
  thrown at C:\\Users\\Laboratório 3\\Desktop\\LARAVEL\\prova\\app\\Models\\Book.php:20)
[stacktrace]
#0 {main}
"} 
[2025-05-26 23:10:13] local.ERROR: Uncaught ErrorException: Undefined variable $table in C:\Users\Laboratório 3\Desktop\LARAVEL\prova\app\Models\Book.php:20
Stack trace:
#0 C:\Users\Laboratório 3\Desktop\LARAVEL\prova\vendor\laravel\framework\src\Illuminate\Foundation\Bootstrap\HandleExceptions.php(256): Illuminate\Foundation\Bootstrap\HandleExceptions->handleError()
#1 C:\Users\Laboratório 3\Desktop\LARAVEL\prova\app\Models\Book.php(20): Illuminate\Foundation\Bootstrap\HandleExceptions->Illuminate\Foundation\Bootstrap\{closure}()
#2 Command line code(1): include_once('...')
#3 {main}
  thrown {"exception":"[object] (Symfony\\Component\\ErrorHandler\\Error\\FatalError(code: 0): Uncaught ErrorException: Undefined variable $table in C:\\Users\\Laboratório 3\\Desktop\\LARAVEL\\prova\\app\\Models\\Book.php:20
Stack trace:
#0 C:\\Users\\Laboratório 3\\Desktop\\LARAVEL\\prova\\vendor\\laravel\\framework\\src\\Illuminate\\Foundation\\Bootstrap\\HandleExceptions.php(256): Illuminate\\Foundation\\Bootstrap\\HandleExceptions->handleError()
#1 C:\\Users\\Laboratório 3\\Desktop\\LARAVEL\\prova\\app\\Models\\Book.php(20): Illuminate\\Foundation\\Bootstrap\\HandleExceptions->Illuminate\\Foundation\\Bootstrap\\{closure}()
#2 Command line code(1): include_once('...')
#3 {main}
  thrown at C:\\Users\\Laboratório 3\\Desktop\\LARAVEL\\prova\\app\\Models\\Book.php:20)
[stacktrace]
#0 {main}
"} 
[2025-05-26 23:12:45] local.ERROR: Uncaught ErrorException: Undefined variable $table in C:\Users\Laboratório 3\Desktop\LARAVEL\prova\app\Models\Author.php:19
Stack trace:
#0 C:\Users\Laboratório 3\Desktop\LARAVEL\prova\vendor\laravel\framework\src\Illuminate\Foundation\Bootstrap\HandleExceptions.php(256): Illuminate\Foundation\Bootstrap\HandleExceptions->handleError()
#1 C:\Users\Laboratório 3\Desktop\LARAVEL\prova\app\Models\Author.php(19): Illuminate\Foundation\Bootstrap\HandleExceptions->Illuminate\Foundation\Bootstrap\{closure}()
#2 Command line code(1): include_once('...')
#3 {main}
  thrown {"exception":"[object] (Symfony\\Component\\ErrorHandler\\Error\\FatalError(code: 0): Uncaught ErrorException: Undefined variable $table in C:\\Users\\Laboratório 3\\Desktop\\LARAVEL\\prova\\app\\Models\\Author.php:19
Stack trace:
#0 C:\\Users\\Laboratório 3\\Desktop\\LARAVEL\\prova\\vendor\\laravel\\framework\\src\\Illuminate\\Foundation\\Bootstrap\\HandleExceptions.php(256): Illuminate\\Foundation\\Bootstrap\\HandleExceptions->handleError()
#1 C:\\Users\\Laboratório 3\\Desktop\\LARAVEL\\prova\\app\\Models\\Author.php(19): Illuminate\\Foundation\\Bootstrap\\HandleExceptions->Illuminate\\Foundation\\Bootstrap\\{closure}()
#2 Command line code(1): include_once('...')
#3 {main}
  thrown at C:\\Users\\Laboratório 3\\Desktop\\LARAVEL\\prova\\app\\Models\\Author.php:19)
[stacktrace]
#0 {main}
"} 
[2025-05-26 23:12:54] local.ERROR: Uncaught ErrorException: Undefined variable $table in C:\Users\Laboratório 3\Desktop\LARAVEL\prova\app\Models\Author.php:19
Stack trace:
#0 C:\Users\Laboratório 3\Desktop\LARAVEL\prova\vendor\laravel\framework\src\Illuminate\Foundation\Bootstrap\HandleExceptions.php(256): Illuminate\Foundation\Bootstrap\HandleExceptions->handleError()
#1 C:\Users\Laboratório 3\Desktop\LARAVEL\prova\app\Models\Author.php(19): Illuminate\Foundation\Bootstrap\HandleExceptions->Illuminate\Foundation\Bootstrap\{closure}()
#2 Command line code(1): include_once('...')
#3 {main}
  thrown {"exception":"[object] (Symfony\\Component\\ErrorHandler\\Error\\FatalError(code: 0): Uncaught ErrorException: Undefined variable $table in C:\\Users\\Laboratório 3\\Desktop\\LARAVEL\\prova\\app\\Models\\Author.php:19
Stack trace:
#0 C:\\Users\\Laboratório 3\\Desktop\\LARAVEL\\prova\\vendor\\laravel\\framework\\src\\Illuminate\\Foundation\\Bootstrap\\HandleExceptions.php(256): Illuminate\\Foundation\\Bootstrap\\HandleExceptions->handleError()
#1 C:\\Users\\Laboratório 3\\Desktop\\LARAVEL\\prova\\app\\Models\\Author.php(19): Illuminate\\Foundation\\Bootstrap\\HandleExceptions->Illuminate\\Foundation\\Bootstrap\\{closure}()
#2 Command line code(1): include_once('...')
#3 {main}
  thrown at C:\\Users\\Laboratório 3\\Desktop\\LARAVEL\\prova\\app\\Models\\Author.php:19)
[stacktrace]
#0 {main}
"} 
[2025-05-26 23:13:03] local.ERROR: Uncaught ErrorException: Undefined variable $table in C:\Users\Laboratório 3\Desktop\LARAVEL\prova\app\Models\Author.php:19
Stack trace:
#0 C:\Users\Laboratório 3\Desktop\LARAVEL\prova\vendor\laravel\framework\src\Illuminate\Foundation\Bootstrap\HandleExceptions.php(256): Illuminate\Foundation\Bootstrap\HandleExceptions->handleError()
#1 C:\Users\Laboratório 3\Desktop\LARAVEL\prova\app\Models\Author.php(19): Illuminate\Foundation\Bootstrap\HandleExceptions->Illuminate\Foundation\Bootstrap\{closure}()
#2 Command line code(1): include_once('...')
#3 {main}
  thrown {"exception":"[object] (Symfony\\Component\\ErrorHandler\\Error\\FatalError(code: 0): Uncaught ErrorException: Undefined variable $table in C:\\Users\\Laboratório 3\\Desktop\\LARAVEL\\prova\\app\\Models\\Author.php:19
Stack trace:
#0 C:\\Users\\Laboratório 3\\Desktop\\LARAVEL\\prova\\vendor\\laravel\\framework\\src\\Illuminate\\Foundation\\Bootstrap\\HandleExceptions.php(256): Illuminate\\Foundation\\Bootstrap\\HandleExceptions->handleError()
#1 C:\\Users\\Laboratório 3\\Desktop\\LARAVEL\\prova\\app\\Models\\Author.php(19): Illuminate\\Foundation\\Bootstrap\\HandleExceptions->Illuminate\\Foundation\\Bootstrap\\{closure}()
#2 Command line code(1): include_once('...')
#3 {main}
  thrown at C:\\Users\\Laboratório 3\\Desktop\\LARAVEL\\prova\\app\\Models\\Author.php:19)
[stacktrace]
#0 {main}
"} 
[2025-05-26 23:13:30] local.ERROR: Uncaught ErrorException: Undefined variable $table in C:\Users\Laboratório 3\Desktop\LARAVEL\prova\app\Models\Employee.php:12
Stack trace:
#0 C:\Users\Laboratório 3\Desktop\LARAVEL\prova\vendor\laravel\framework\src\Illuminate\Foundation\Bootstrap\HandleExceptions.php(256): Illuminate\Foundation\Bootstrap\HandleExceptions->handleError()
#1 C:\Users\Laboratório 3\Desktop\LARAVEL\prova\app\Models\Employee.php(12): Illuminate\Foundation\Bootstrap\HandleExceptions->Illuminate\Foundation\Bootstrap\{closure}()
#2 Command line code(1): include_once('...')
#3 {main}
  thrown {"exception":"[object] (Symfony\\Component\\ErrorHandler\\Error\\FatalError(code: 0): Uncaught ErrorException: Undefined variable $table in C:\\Users\\Laboratório 3\\Desktop\\LARAVEL\\prova\\app\\Models\\Employee.php:12
Stack trace:
#0 C:\\Users\\Laboratório 3\\Desktop\\LARAVEL\\prova\\vendor\\laravel\\framework\\src\\Illuminate\\Foundation\\Bootstrap\\HandleExceptions.php(256): Illuminate\\Foundation\\Bootstrap\\HandleExceptions->handleError()
#1 C:\\Users\\Laboratório 3\\Desktop\\LARAVEL\\prova\\app\\Models\\Employee.php(12): Illuminate\\Foundation\\Bootstrap\\HandleExceptions->Illuminate\\Foundation\\Bootstrap\\{closure}()
#2 Command line code(1): include_once('...')
#3 {main}
  thrown at C:\\Users\\Laboratório 3\\Desktop\\LARAVEL\\prova\\app\\Models\\Employee.php:12)
[stacktrace]
#0 {main}
"} 
[2025-05-26 23:15:25] local.ERROR: SQLSTATE[HY000]: General error: 1824 Failed to open the referenced table 'author' (Connection: mysql, SQL: alter table `books` add constraint `books_author_id_foreign` foreign key (`author_id`) references `author` (`id`) on delete cascade) {"exception":"[object] (Illuminate\\Database\\QueryException(code: HY000): SQLSTATE[HY000]: General error: 1824 Failed to open the referenced table 'author' (Connection: mysql, SQL: alter table `books` add constraint `books_author_id_foreign` foreign key (`author_id`) references `author` (`id`) on delete cascade) at C:\\Users\\Laboratório 3\\Desktop\\LARAVEL\\prova\\vendor\\laravel\\framework\\src\\Illuminate\\Database\\Connection.php:822)
[stacktrace]
#0 C:\\Users\\Laboratório 3\\Desktop\\LARAVEL\\prova\\vendor\\laravel\\framework\\src\\Illuminate\\Database\\Connection.php(776): Illuminate\\Database\\Connection->runQueryCallback()
#1 C:\\Users\\Laboratório 3\\Desktop\\LARAVEL\\prova\\vendor\\laravel\\framework\\src\\Illuminate\\Database\\Connection.php(557): Illuminate\\Database\\Connection->run()
#2 C:\\Users\\Laboratório 3\\Desktop\\LARAVEL\\prova\\vendor\\laravel\\framework\\src\\Illuminate\\Database\\Schema\\Blueprint.php(119): Illuminate\\Database\\Connection->statement()
#3 C:\\Users\\Laboratório 3\\Desktop\\LARAVEL\\prova\\vendor\\laravel\\framework\\src\\Illuminate\\Database\\Schema\\Builder.php(618): Illuminate\\Database\\Schema\\Blueprint->build()
#4 C:\\Users\\Laboratório 3\\Desktop\\LARAVEL\\prova\\vendor\\laravel\\framework\\src\\Illuminate\\Database\\Schema\\Builder.php(472): Illuminate\\Database\\Schema\\Builder->build()
#5 C:\\Users\\Laboratório 3\\Desktop\\LARAVEL\\prova\\vendor\\laravel\\framework\\src\\Illuminate\\Support\\Facades\\Facade.php(361): Illuminate\\Database\\Schema\\Builder->create()
#6 C:\\Users\\Laboratório 3\\Desktop\\LARAVEL\\prova\\database\\migrations\\2025_05_26_225347_create_books_table.php(14): Illuminate\\Support\\Facades\\Facade::__callStatic()
#7 C:\\Users\\Laboratório 3\\Desktop\\LARAVEL\\prova\\vendor\\laravel\\framework\\src\\Illuminate\\Database\\Migrations\\Migrator.php(514): Illuminate\\Database\\Migrations\\Migration@anonymous->up()
#8 C:\\Users\\Laboratório 3\\Desktop\\LARAVEL\\prova\\vendor\\laravel\\framework\\src\\Illuminate\\Database\\Migrations\\Migrator.php(439): Illuminate\\Database\\Migrations\\Migrator->runMethod()
#9 C:\\Users\\Laboratório 3\\Desktop\\LARAVEL\\prova\\vendor\\laravel\\framework\\src\\Illuminate\\Database\\Migrations\\Migrator.php(448): Illuminate\\Database\\Migrations\\Migrator->Illuminate\\Database\\Migrations\\{closure}()
#10 C:\\Users\\Laboratório 3\\Desktop\\LARAVEL\\prova\\vendor\\laravel\\framework\\src\\Illuminate\\Database\\Migrations\\Migrator.php(250): Illuminate\\Database\\Migrations\\Migrator->runMigration()
#11 C:\\Users\\Laboratório 3\\Desktop\\LARAVEL\\prova\\vendor\\laravel\\framework\\src\\Illuminate\\Console\\View\\Components\\Task.php(41): Illuminate\\Database\\Migrations\\Migrator->Illuminate\\Database\\Migrations\\{closure}()
#12 C:\\Users\\Laboratório 3\\Desktop\\LARAVEL\\prova\\vendor\\laravel\\framework\\src\\Illuminate\\Database\\Migrations\\Migrator.php(805): Illuminate\\Console\\View\\Components\\Task->render()
#13 C:\\Users\\Laboratório 3\\Desktop\\LARAVEL\\prova\\vendor\\laravel\\framework\\src\\Illuminate\\Database\\Migrations\\Migrator.php(250): Illuminate\\Database\\Migrations\\Migrator->write()
#14 C:\\Users\\Laboratório 3\\Desktop\\LARAVEL\\prova\\vendor\\laravel\\framework\\src\\Illuminate\\Database\\Migrations\\Migrator.php(210): Illuminate\\Database\\Migrations\\Migrator->runUp()
#15 C:\\Users\\Laboratório 3\\Desktop\\LARAVEL\\prova\\vendor\\laravel\\framework\\src\\Illuminate\\Database\\Migrations\\Migrator.php(137): Illuminate\\Database\\Migrations\\Migrator->runPending()
#16 C:\\Users\\Laboratório 3\\Desktop\\LARAVEL\\prova\\vendor\\laravel\\framework\\src\\Illuminate\\Database\\Console\\Migrations\\MigrateCommand.php(116): Illuminate\\Database\\Migrations\\Migrator->run()
#17 C:\\Users\\Laboratório 3\\Desktop\\LARAVEL\\prova\\vendor\\laravel\\framework\\src\\Illuminate\\Database\\Migrations\\Migrator.php(665): Illuminate\\Database\\Console\\Migrations\\MigrateCommand->Illuminate\\Database\\Console\\Migrations\\{closure}()
#18 C:\\Users\\Laboratório 3\\Desktop\\LARAVEL\\prova\\vendor\\laravel\\framework\\src\\Illuminate\\Database\\Console\\Migrations\\MigrateCommand.php(109): Illuminate\\Database\\Migrations\\Migrator->usingConnection()
#19 C:\\Users\\Laboratório 3\\Desktop\\LARAVEL\\prova\\vendor\\laravel\\framework\\src\\Illuminate\\Database\\Console\\Migrations\\MigrateCommand.php(88): Illuminate\\Database\\Console\\Migrations\\MigrateCommand->runMigrations()
#20 C:\\Users\\Laboratório 3\\Desktop\\LARAVEL\\prova\\vendor\\laravel\\framework\\src\\Illuminate\\Container\\BoundMethod.php(36): Illuminate\\Database\\Console\\Migrations\\MigrateCommand->handle()
#21 C:\\Users\\Laboratório 3\\Desktop\\LARAVEL\\prova\\vendor\\laravel\\framework\\src\\Illuminate\\Container\\Util.php(43): Illuminate\\Container\\BoundMethod::Illuminate\\Container\\{closure}()
#22 C:\\Users\\Laboratório 3\\Desktop\\LARAVEL\\prova\\vendor\\laravel\\framework\\src\\Illuminate\\Container\\BoundMethod.php(96): Illuminate\\Container\\Util::unwrapIfClosure()
#23 C:\\Users\\Laboratório 3\\Desktop\\LARAVEL\\prova\\vendor\\laravel\\framework\\src\\Illuminate\\Container\\BoundMethod.php(35): Illuminate\\Container\\BoundMethod::callBoundMethod()
#24 C:\\Users\\Laboratório 3\\Desktop\\LARAVEL\\prova\\vendor\\laravel\\framework\\src\\Illuminate\\Container\\Container.php(754): Illuminate\\Container\\BoundMethod::call()
#25 C:\\Users\\Laboratório 3\\Desktop\\LARAVEL\\prova\\vendor\\laravel\\framework\\src\\Illuminate\\Console\\Command.php(211): Illuminate\\Container\\Container->call()
#26 C:\\Users\\Laboratório 3\\Desktop\\LARAVEL\\prova\\vendor\\symfony\\console\\Command\\Command.php(279): Illuminate\\Console\\Command->execute()
#27 C:\\Users\\Laboratório 3\\Desktop\\LARAVEL\\prova\\vendor\\laravel\\framework\\src\\Illuminate\\Console\\Command.php(180): Symfony\\Component\\Console\\Command\\Command->run()
#28 C:\\Users\\Laboratório 3\\Desktop\\LARAVEL\\prova\\vendor\\symfony\\console\\Application.php(1094): Illuminate\\Console\\Command->run()
#29 C:\\Users\\Laboratório 3\\Desktop\\LARAVEL\\prova\\vendor\\symfony\\console\\Application.php(342): Symfony\\Component\\Console\\Application->doRunCommand()
#30 C:\\Users\\Laboratório 3\\Desktop\\LARAVEL\\prova\\vendor\\symfony\\console\\Application.php(193): Symfony\\Component\\Console\\Application->doRun()
#31 C:\\Users\\Laboratório 3\\Desktop\\LARAVEL\\prova\\vendor\\laravel\\framework\\src\\Illuminate\\Foundation\\Console\\Kernel.php(197): Symfony\\Component\\Console\\Application->run()
#32 C:\\Users\\Laboratório 3\\Desktop\\LARAVEL\\prova\\vendor\\laravel\\framework\\src\\Illuminate\\Foundation\\Application.php(1234): Illuminate\\Foundation\\Console\\Kernel->handle()
#33 C:\\Users\\Laboratório 3\\Desktop\\LARAVEL\\prova\\artisan(16): Illuminate\\Foundation\\Application->handleCommand()
#34 {main}

[previous exception] [object] (PDOException(code: HY000): SQLSTATE[HY000]: General error: 1824 Failed to open the referenced table 'author' at C:\\Users\\Laboratório 3\\Desktop\\LARAVEL\\prova\\vendor\\laravel\\framework\\src\\Illuminate\\Database\\Connection.php:568)
[stacktrace]
#0 C:\\Users\\Laboratório 3\\Desktop\\LARAVEL\\prova\\vendor\\laravel\\framework\\src\\Illuminate\\Database\\Connection.php(568): PDOStatement->execute()
#1 C:\\Users\\Laboratório 3\\Desktop\\LARAVEL\\prova\\vendor\\laravel\\framework\\src\\Illuminate\\Database\\Connection.php(809): Illuminate\\Database\\Connection->Illuminate\\Database\\{closure}()
#2 C:\\Users\\Laboratório 3\\Desktop\\LARAVEL\\prova\\vendor\\laravel\\framework\\src\\Illuminate\\Database\\Connection.php(776): Illuminate\\Database\\Connection->runQueryCallback()
#3 C:\\Users\\Laboratório 3\\Desktop\\LARAVEL\\prova\\vendor\\laravel\\framework\\src\\Illuminate\\Database\\Connection.php(557): Illuminate\\Database\\Connection->run()
#4 C:\\Users\\Laboratório 3\\Desktop\\LARAVEL\\prova\\vendor\\laravel\\framework\\src\\Illuminate\\Database\\Schema\\Blueprint.php(119): Illuminate\\Database\\Connection->statement()
#5 C:\\Users\\Laboratório 3\\Desktop\\LARAVEL\\prova\\vendor\\laravel\\framework\\src\\Illuminate\\Database\\Schema\\Builder.php(618): Illuminate\\Database\\Schema\\Blueprint->build()
#6 C:\\Users\\Laboratório 3\\Desktop\\LARAVEL\\prova\\vendor\\laravel\\framework\\src\\Illuminate\\Database\\Schema\\Builder.php(472): Illuminate\\Database\\Schema\\Builder->build()
#7 C:\\Users\\Laboratório 3\\Desktop\\LARAVEL\\prova\\vendor\\laravel\\framework\\src\\Illuminate\\Support\\Facades\\Facade.php(361): Illuminate\\Database\\Schema\\Builder->create()
#8 C:\\Users\\Laboratório 3\\Desktop\\LARAVEL\\prova\\database\\migrations\\2025_05_26_225347_create_books_table.php(14): Illuminate\\Support\\Facades\\Facade::__callStatic()
#9 C:\\Users\\Laboratório 3\\Desktop\\LARAVEL\\prova\\vendor\\laravel\\framework\\src\\Illuminate\\Database\\Migrations\\Migrator.php(514): Illuminate\\Database\\Migrations\\Migration@anonymous->up()
#10 C:\\Users\\Laboratório 3\\Desktop\\LARAVEL\\prova\\vendor\\laravel\\framework\\src\\Illuminate\\Database\\Migrations\\Migrator.php(439): Illuminate\\Database\\Migrations\\Migrator->runMethod()
#11 C:\\Users\\Laboratório 3\\Desktop\\LARAVEL\\prova\\vendor\\laravel\\framework\\src\\Illuminate\\Database\\Migrations\\Migrator.php(448): Illuminate\\Database\\Migrations\\Migrator->Illuminate\\Database\\Migrations\\{closure}()
#12 C:\\Users\\Laboratório 3\\Desktop\\LARAVEL\\prova\\vendor\\laravel\\framework\\src\\Illuminate\\Database\\Migrations\\Migrator.php(250): Illuminate\\Database\\Migrations\\Migrator->runMigration()
#13 C:\\Users\\Laboratório 3\\Desktop\\LARAVEL\\prova\\vendor\\laravel\\framework\\src\\Illuminate\\Console\\View\\Components\\Task.php(41): Illuminate\\Database\\Migrations\\Migrator->Illuminate\\Database\\Migrations\\{closure}()
#14 C:\\Users\\Laboratório 3\\Desktop\\LARAVEL\\prova\\vendor\\laravel\\framework\\src\\Illuminate\\Database\\Migrations\\Migrator.php(805): Illuminate\\Console\\View\\Components\\Task->render()
#15 C:\\Users\\Laboratório 3\\Desktop\\LARAVEL\\prova\\vendor\\laravel\\framework\\src\\Illuminate\\Database\\Migrations\\Migrator.php(250): Illuminate\\Database\\Migrations\\Migrator->write()
#16 C:\\Users\\Laboratório 3\\Desktop\\LARAVEL\\prova\\vendor\\laravel\\framework\\src\\Illuminate\\Database\\Migrations\\Migrator.php(210): Illuminate\\Database\\Migrations\\Migrator->runUp()
#17 C:\\Users\\Laboratório 3\\Desktop\\LARAVEL\\prova\\vendor\\laravel\\framework\\src\\Illuminate\\Database\\Migrations\\Migrator.php(137): Illuminate\\Database\\Migrations\\Migrator->runPending()
#18 C:\\Users\\Laboratório 3\\Desktop\\LARAVEL\\prova\\vendor\\laravel\\framework\\src\\Illuminate\\Database\\Console\\Migrations\\MigrateCommand.php(116): Illuminate\\Database\\Migrations\\Migrator->run()
#19 C:\\Users\\Laboratório 3\\Desktop\\LARAVEL\\prova\\vendor\\laravel\\framework\\src\\Illuminate\\Database\\Migrations\\Migrator.php(665): Illuminate\\Database\\Console\\Migrations\\MigrateCommand->Illuminate\\Database\\Console\\Migrations\\{closure}()
#20 C:\\Users\\Laboratório 3\\Desktop\\LARAVEL\\prova\\vendor\\laravel\\framework\\src\\Illuminate\\Database\\Console\\Migrations\\MigrateCommand.php(109): Illuminate\\Database\\Migrations\\Migrator->usingConnection()
#21 C:\\Users\\Laboratório 3\\Desktop\\LARAVEL\\prova\\vendor\\laravel\\framework\\src\\Illuminate\\Database\\Console\\Migrations\\MigrateCommand.php(88): Illuminate\\Database\\Console\\Migrations\\MigrateCommand->runMigrations()
#22 C:\\Users\\Laboratório 3\\Desktop\\LARAVEL\\prova\\vendor\\laravel\\framework\\src\\Illuminate\\Container\\BoundMethod.php(36): Illuminate\\Database\\Console\\Migrations\\MigrateCommand->handle()
#23 C:\\Users\\Laboratório 3\\Desktop\\LARAVEL\\prova\\vendor\\laravel\\framework\\src\\Illuminate\\Container\\Util.php(43): Illuminate\\Container\\BoundMethod::Illuminate\\Container\\{closure}()
#24 C:\\Users\\Laboratório 3\\Desktop\\LARAVEL\\prova\\vendor\\laravel\\framework\\src\\Illuminate\\Container\\BoundMethod.php(96): Illuminate\\Container\\Util::unwrapIfClosure()
#25 C:\\Users\\Laboratório 3\\Desktop\\LARAVEL\\prova\\vendor\\laravel\\framework\\src\\Illuminate\\Container\\BoundMethod.php(35): Illuminate\\Container\\BoundMethod::callBoundMethod()
#26 C:\\Users\\Laboratório 3\\Desktop\\LARAVEL\\prova\\vendor\\laravel\\framework\\src\\Illuminate\\Container\\Container.php(754): Illuminate\\Container\\BoundMethod::call()
#27 C:\\Users\\Laboratório 3\\Desktop\\LARAVEL\\prova\\vendor\\laravel\\framework\\src\\Illuminate\\Console\\Command.php(211): Illuminate\\Container\\Container->call()
#28 C:\\Users\\Laboratório 3\\Desktop\\LARAVEL\\prova\\vendor\\symfony\\console\\Command\\Command.php(279): Illuminate\\Console\\Command->execute()
#29 C:\\Users\\Laboratório 3\\Desktop\\LARAVEL\\prova\\vendor\\laravel\\framework\\src\\Illuminate\\Console\\Command.php(180): Symfony\\Component\\Console\\Command\\Command->run()
#30 C:\\Users\\Laboratório 3\\Desktop\\LARAVEL\\prova\\vendor\\symfony\\console\\Application.php(1094): Illuminate\\Console\\Command->run()
#31 C:\\Users\\Laboratório 3\\Desktop\\LARAVEL\\prova\\vendor\\symfony\\console\\Application.php(342): Symfony\\Component\\Console\\Application->doRunCommand()
#32 C:\\Users\\Laboratório 3\\Desktop\\LARAVEL\\prova\\vendor\\symfony\\console\\Application.php(193): Symfony\\Component\\Console\\Application->doRun()
#33 C:\\Users\\Laboratório 3\\Desktop\\LARAVEL\\prova\\vendor\\laravel\\framework\\src\\Illuminate\\Foundation\\Console\\Kernel.php(197): Symfony\\Component\\Console\\Application->run()
#34 C:\\Users\\Laboratório 3\\Desktop\\LARAVEL\\prova\\vendor\\laravel\\framework\\src\\Illuminate\\Foundation\\Application.php(1234): Illuminate\\Foundation\\Console\\Kernel->handle()
#35 C:\\Users\\Laboratório 3\\Desktop\\LARAVEL\\prova\\artisan(16): Illuminate\\Foundation\\Application->handleCommand()
#36 {main}
"} 
[2025-05-26 23:16:08] local.ERROR: SQLSTATE[42S01]: Base table or view already exists: 1050 Table 'books' already exists (Connection: mysql, SQL: create table `books` (`id` bigint unsigned not null auto_increment primary key, `titulo` varchar(255) not null, `resumo` varchar(255) not null, `data_pub` date not null, `preco` decimal(10, 2) not null, `genre_id` bigint unsigned not null, `author_id` bigint unsigned not null, `created_at` timestamp null, `updated_at` timestamp null) default character set utf8mb4 collate 'utf8mb4_unicode_ci') {"exception":"[object] (Illuminate\\Database\\QueryException(code: 42S01): SQLSTATE[42S01]: Base table or view already exists: 1050 Table 'books' already exists (Connection: mysql, SQL: create table `books` (`id` bigint unsigned not null auto_increment primary key, `titulo` varchar(255) not null, `resumo` varchar(255) not null, `data_pub` date not null, `preco` decimal(10, 2) not null, `genre_id` bigint unsigned not null, `author_id` bigint unsigned not null, `created_at` timestamp null, `updated_at` timestamp null) default character set utf8mb4 collate 'utf8mb4_unicode_ci') at C:\\Users\\Laboratório 3\\Desktop\\LARAVEL\\prova\\vendor\\laravel\\framework\\src\\Illuminate\\Database\\Connection.php:822)
[stacktrace]
#0 C:\\Users\\Laboratório 3\\Desktop\\LARAVEL\\prova\\vendor\\laravel\\framework\\src\\Illuminate\\Database\\Connection.php(776): Illuminate\\Database\\Connection->runQueryCallback()
#1 C:\\Users\\Laboratório 3\\Desktop\\LARAVEL\\prova\\vendor\\laravel\\framework\\src\\Illuminate\\Database\\Connection.php(557): Illuminate\\Database\\Connection->run()
#2 C:\\Users\\Laboratório 3\\Desktop\\LARAVEL\\prova\\vendor\\laravel\\framework\\src\\Illuminate\\Database\\Schema\\Blueprint.php(119): Illuminate\\Database\\Connection->statement()
#3 C:\\Users\\Laboratório 3\\Desktop\\LARAVEL\\prova\\vendor\\laravel\\framework\\src\\Illuminate\\Database\\Schema\\Builder.php(618): Illuminate\\Database\\Schema\\Blueprint->build()
#4 C:\\Users\\Laboratório 3\\Desktop\\LARAVEL\\prova\\vendor\\laravel\\framework\\src\\Illuminate\\Database\\Schema\\Builder.php(472): Illuminate\\Database\\Schema\\Builder->build()
#5 C:\\Users\\Laboratório 3\\Desktop\\LARAVEL\\prova\\vendor\\laravel\\framework\\src\\Illuminate\\Support\\Facades\\Facade.php(361): Illuminate\\Database\\Schema\\Builder->create()
#6 C:\\Users\\Laboratório 3\\Desktop\\LARAVEL\\prova\\database\\migrations\\2025_05_26_226347_create_books_table.php(14): Illuminate\\Support\\Facades\\Facade::__callStatic()
#7 C:\\Users\\Laboratório 3\\Desktop\\LARAVEL\\prova\\vendor\\laravel\\framework\\src\\Illuminate\\Database\\Migrations\\Migrator.php(514): Illuminate\\Database\\Migrations\\Migration@anonymous->up()
#8 C:\\Users\\Laboratório 3\\Desktop\\LARAVEL\\prova\\vendor\\laravel\\framework\\src\\Illuminate\\Database\\Migrations\\Migrator.php(439): Illuminate\\Database\\Migrations\\Migrator->runMethod()
#9 C:\\Users\\Laboratório 3\\Desktop\\LARAVEL\\prova\\vendor\\laravel\\framework\\src\\Illuminate\\Database\\Migrations\\Migrator.php(448): Illuminate\\Database\\Migrations\\Migrator->Illuminate\\Database\\Migrations\\{closure}()
#10 C:\\Users\\Laboratório 3\\Desktop\\LARAVEL\\prova\\vendor\\laravel\\framework\\src\\Illuminate\\Database\\Migrations\\Migrator.php(250): Illuminate\\Database\\Migrations\\Migrator->runMigration()
#11 C:\\Users\\Laboratório 3\\Desktop\\LARAVEL\\prova\\vendor\\laravel\\framework\\src\\Illuminate\\Console\\View\\Components\\Task.php(41): Illuminate\\Database\\Migrations\\Migrator->Illuminate\\Database\\Migrations\\{closure}()
#12 C:\\Users\\Laboratório 3\\Desktop\\LARAVEL\\prova\\vendor\\laravel\\framework\\src\\Illuminate\\Database\\Migrations\\Migrator.php(805): Illuminate\\Console\\View\\Components\\Task->render()
#13 C:\\Users\\Laboratório 3\\Desktop\\LARAVEL\\prova\\vendor\\laravel\\framework\\src\\Illuminate\\Database\\Migrations\\Migrator.php(250): Illuminate\\Database\\Migrations\\Migrator->write()
#14 C:\\Users\\Laboratório 3\\Desktop\\LARAVEL\\prova\\vendor\\laravel\\framework\\src\\Illuminate\\Database\\Migrations\\Migrator.php(210): Illuminate\\Database\\Migrations\\Migrator->runUp()
#15 C:\\Users\\Laboratório 3\\Desktop\\LARAVEL\\prova\\vendor\\laravel\\framework\\src\\Illuminate\\Database\\Migrations\\Migrator.php(137): Illuminate\\Database\\Migrations\\Migrator->runPending()
#16 C:\\Users\\Laboratório 3\\Desktop\\LARAVEL\\prova\\vendor\\laravel\\framework\\src\\Illuminate\\Database\\Console\\Migrations\\MigrateCommand.php(116): Illuminate\\Database\\Migrations\\Migrator->run()
#17 C:\\Users\\Laboratório 3\\Desktop\\LARAVEL\\prova\\vendor\\laravel\\framework\\src\\Illuminate\\Database\\Migrations\\Migrator.php(665): Illuminate\\Database\\Console\\Migrations\\MigrateCommand->Illuminate\\Database\\Console\\Migrations\\{closure}()
#18 C:\\Users\\Laboratório 3\\Desktop\\LARAVEL\\prova\\vendor\\laravel\\framework\\src\\Illuminate\\Database\\Console\\Migrations\\MigrateCommand.php(109): Illuminate\\Database\\Migrations\\Migrator->usingConnection()
#19 C:\\Users\\Laboratório 3\\Desktop\\LARAVEL\\prova\\vendor\\laravel\\framework\\src\\Illuminate\\Database\\Console\\Migrations\\MigrateCommand.php(88): Illuminate\\Database\\Console\\Migrations\\MigrateCommand->runMigrations()
#20 C:\\Users\\Laboratório 3\\Desktop\\LARAVEL\\prova\\vendor\\laravel\\framework\\src\\Illuminate\\Container\\BoundMethod.php(36): Illuminate\\Database\\Console\\Migrations\\MigrateCommand->handle()
#21 C:\\Users\\Laboratório 3\\Desktop\\LARAVEL\\prova\\vendor\\laravel\\framework\\src\\Illuminate\\Container\\Util.php(43): Illuminate\\Container\\BoundMethod::Illuminate\\Container\\{closure}()
#22 C:\\Users\\Laboratório 3\\Desktop\\LARAVEL\\prova\\vendor\\laravel\\framework\\src\\Illuminate\\Container\\BoundMethod.php(96): Illuminate\\Container\\Util::unwrapIfClosure()
#23 C:\\Users\\Laboratório 3\\Desktop\\LARAVEL\\prova\\vendor\\laravel\\framework\\src\\Illuminate\\Container\\BoundMethod.php(35): Illuminate\\Container\\BoundMethod::callBoundMethod()
#24 C:\\Users\\Laboratório 3\\Desktop\\LARAVEL\\prova\\vendor\\laravel\\framework\\src\\Illuminate\\Container\\Container.php(754): Illuminate\\Container\\BoundMethod::call()
#25 C:\\Users\\Laboratório 3\\Desktop\\LARAVEL\\prova\\vendor\\laravel\\framework\\src\\Illuminate\\Console\\Command.php(211): Illuminate\\Container\\Container->call()
#26 C:\\Users\\Laboratório 3\\Desktop\\LARAVEL\\prova\\vendor\\symfony\\console\\Command\\Command.php(279): Illuminate\\Console\\Command->execute()
#27 C:\\Users\\Laboratório 3\\Desktop\\LARAVEL\\prova\\vendor\\laravel\\framework\\src\\Illuminate\\Console\\Command.php(180): Symfony\\Component\\Console\\Command\\Command->run()
#28 C:\\Users\\Laboratório 3\\Desktop\\LARAVEL\\prova\\vendor\\symfony\\console\\Application.php(1094): Illuminate\\Console\\Command->run()
#29 C:\\Users\\Laboratório 3\\Desktop\\LARAVEL\\prova\\vendor\\symfony\\console\\Application.php(342): Symfony\\Component\\Console\\Application->doRunCommand()
#30 C:\\Users\\Laboratório 3\\Desktop\\LARAVEL\\prova\\vendor\\symfony\\console\\Application.php(193): Symfony\\Component\\Console\\Application->doRun()
#31 C:\\Users\\Laboratório 3\\Desktop\\LARAVEL\\prova\\vendor\\laravel\\framework\\src\\Illuminate\\Foundation\\Console\\Kernel.php(197): Symfony\\Component\\Console\\Application->run()
#32 C:\\Users\\Laboratório 3\\Desktop\\LARAVEL\\prova\\vendor\\laravel\\framework\\src\\Illuminate\\Foundation\\Application.php(1234): Illuminate\\Foundation\\Console\\Kernel->handle()
#33 C:\\Users\\Laboratório 3\\Desktop\\LARAVEL\\prova\\artisan(16): Illuminate\\Foundation\\Application->handleCommand()
#34 {main}

[previous exception] [object] (PDOException(code: 42S01): SQLSTATE[42S01]: Base table or view already exists: 1050 Table 'books' already exists at C:\\Users\\Laboratório 3\\Desktop\\LARAVEL\\prova\\vendor\\laravel\\framework\\src\\Illuminate\\Database\\Connection.php:568)
[stacktrace]
#0 C:\\Users\\Laboratório 3\\Desktop\\LARAVEL\\prova\\vendor\\laravel\\framework\\src\\Illuminate\\Database\\Connection.php(568): PDOStatement->execute()
#1 C:\\Users\\Laboratório 3\\Desktop\\LARAVEL\\prova\\vendor\\laravel\\framework\\src\\Illuminate\\Database\\Connection.php(809): Illuminate\\Database\\Connection->Illuminate\\Database\\{closure}()
#2 C:\\Users\\Laboratório 3\\Desktop\\LARAVEL\\prova\\vendor\\laravel\\framework\\src\\Illuminate\\Database\\Connection.php(776): Illuminate\\Database\\Connection->runQueryCallback()
#3 C:\\Users\\Laboratório 3\\Desktop\\LARAVEL\\prova\\vendor\\laravel\\framework\\src\\Illuminate\\Database\\Connection.php(557): Illuminate\\Database\\Connection->run()
#4 C:\\Users\\Laboratório 3\\Desktop\\LARAVEL\\prova\\vendor\\laravel\\framework\\src\\Illuminate\\Database\\Schema\\Blueprint.php(119): Illuminate\\Database\\Connection->statement()
#5 C:\\Users\\Laboratório 3\\Desktop\\LARAVEL\\prova\\vendor\\laravel\\framework\\src\\Illuminate\\Database\\Schema\\Builder.php(618): Illuminate\\Database\\Schema\\Blueprint->build()
#6 C:\\Users\\Laboratório 3\\Desktop\\LARAVEL\\prova\\vendor\\laravel\\framework\\src\\Illuminate\\Database\\Schema\\Builder.php(472): Illuminate\\Database\\Schema\\Builder->build()
#7 C:\\Users\\Laboratório 3\\Desktop\\LARAVEL\\prova\\vendor\\laravel\\framework\\src\\Illuminate\\Support\\Facades\\Facade.php(361): Illuminate\\Database\\Schema\\Builder->create()
#8 C:\\Users\\Laboratório 3\\Desktop\\LARAVEL\\prova\\database\\migrations\\2025_05_26_226347_create_books_table.php(14): Illuminate\\Support\\Facades\\Facade::__callStatic()
#9 C:\\Users\\Laboratório 3\\Desktop\\LARAVEL\\prova\\vendor\\laravel\\framework\\src\\Illuminate\\Database\\Migrations\\Migrator.php(514): Illuminate\\Database\\Migrations\\Migration@anonymous->up()
#10 C:\\Users\\Laboratório 3\\Desktop\\LARAVEL\\prova\\vendor\\laravel\\framework\\src\\Illuminate\\Database\\Migrations\\Migrator.php(439): Illuminate\\Database\\Migrations\\Migrator->runMethod()
#11 C:\\Users\\Laboratório 3\\Desktop\\LARAVEL\\prova\\vendor\\laravel\\framework\\src\\Illuminate\\Database\\Migrations\\Migrator.php(448): Illuminate\\Database\\Migrations\\Migrator->Illuminate\\Database\\Migrations\\{closure}()
#12 C:\\Users\\Laboratório 3\\Desktop\\LARAVEL\\prova\\vendor\\laravel\\framework\\src\\Illuminate\\Database\\Migrations\\Migrator.php(250): Illuminate\\Database\\Migrations\\Migrator->runMigration()
#13 C:\\Users\\Laboratório 3\\Desktop\\LARAVEL\\prova\\vendor\\laravel\\framework\\src\\Illuminate\\Console\\View\\Components\\Task.php(41): Illuminate\\Database\\Migrations\\Migrator->Illuminate\\Database\\Migrations\\{closure}()
#14 C:\\Users\\Laboratório 3\\Desktop\\LARAVEL\\prova\\vendor\\laravel\\framework\\src\\Illuminate\\Database\\Migrations\\Migrator.php(805): Illuminate\\Console\\View\\Components\\Task->render()
#15 C:\\Users\\Laboratório 3\\Desktop\\LARAVEL\\prova\\vendor\\laravel\\framework\\src\\Illuminate\\Database\\Migrations\\Migrator.php(250): Illuminate\\Database\\Migrations\\Migrator->write()
#16 C:\\Users\\Laboratório 3\\Desktop\\LARAVEL\\prova\\vendor\\laravel\\framework\\src\\Illuminate\\Database\\Migrations\\Migrator.php(210): Illuminate\\Database\\Migrations\\Migrator->runUp()
#17 C:\\Users\\Laboratório 3\\Desktop\\LARAVEL\\prova\\vendor\\laravel\\framework\\src\\Illuminate\\Database\\Migrations\\Migrator.php(137): Illuminate\\Database\\Migrations\\Migrator->runPending()
#18 C:\\Users\\Laboratório 3\\Desktop\\LARAVEL\\prova\\vendor\\laravel\\framework\\src\\Illuminate\\Database\\Console\\Migrations\\MigrateCommand.php(116): Illuminate\\Database\\Migrations\\Migrator->run()
#19 C:\\Users\\Laboratório 3\\Desktop\\LARAVEL\\prova\\vendor\\laravel\\framework\\src\\Illuminate\\Database\\Migrations\\Migrator.php(665): Illuminate\\Database\\Console\\Migrations\\MigrateCommand->Illuminate\\Database\\Console\\Migrations\\{closure}()
#20 C:\\Users\\Laboratório 3\\Desktop\\LARAVEL\\prova\\vendor\\laravel\\framework\\src\\Illuminate\\Database\\Console\\Migrations\\MigrateCommand.php(109): Illuminate\\Database\\Migrations\\Migrator->usingConnection()
#21 C:\\Users\\Laboratório 3\\Desktop\\LARAVEL\\prova\\vendor\\laravel\\framework\\src\\Illuminate\\Database\\Console\\Migrations\\MigrateCommand.php(88): Illuminate\\Database\\Console\\Migrations\\MigrateCommand->runMigrations()
#22 C:\\Users\\Laboratório 3\\Desktop\\LARAVEL\\prova\\vendor\\laravel\\framework\\src\\Illuminate\\Container\\BoundMethod.php(36): Illuminate\\Database\\Console\\Migrations\\MigrateCommand->handle()
#23 C:\\Users\\Laboratório 3\\Desktop\\LARAVEL\\prova\\vendor\\laravel\\framework\\src\\Illuminate\\Container\\Util.php(43): Illuminate\\Container\\BoundMethod::Illuminate\\Container\\{closure}()
#24 C:\\Users\\Laboratório 3\\Desktop\\LARAVEL\\prova\\vendor\\laravel\\framework\\src\\Illuminate\\Container\\BoundMethod.php(96): Illuminate\\Container\\Util::unwrapIfClosure()
#25 C:\\Users\\Laboratório 3\\Desktop\\LARAVEL\\prova\\vendor\\laravel\\framework\\src\\Illuminate\\Container\\BoundMethod.php(35): Illuminate\\Container\\BoundMethod::callBoundMethod()
#26 C:\\Users\\Laboratório 3\\Desktop\\LARAVEL\\prova\\vendor\\laravel\\framework\\src\\Illuminate\\Container\\Container.php(754): Illuminate\\Container\\BoundMethod::call()
#27 C:\\Users\\Laboratório 3\\Desktop\\LARAVEL\\prova\\vendor\\laravel\\framework\\src\\Illuminate\\Console\\Command.php(211): Illuminate\\Container\\Container->call()
#28 C:\\Users\\Laboratório 3\\Desktop\\LARAVEL\\prova\\vendor\\symfony\\console\\Command\\Command.php(279): Illuminate\\Console\\Command->execute()
#29 C:\\Users\\Laboratório 3\\Desktop\\LARAVEL\\prova\\vendor\\laravel\\framework\\src\\Illuminate\\Console\\Command.php(180): Symfony\\Component\\Console\\Command\\Command->run()
#30 C:\\Users\\Laboratório 3\\Desktop\\LARAVEL\\prova\\vendor\\symfony\\console\\Application.php(1094): Illuminate\\Console\\Command->run()
#31 C:\\Users\\Laboratório 3\\Desktop\\LARAVEL\\prova\\vendor\\symfony\\console\\Application.php(342): Symfony\\Component\\Console\\Application->doRunCommand()
#32 C:\\Users\\Laboratório 3\\Desktop\\LARAVEL\\prova\\vendor\\symfony\\console\\Application.php(193): Symfony\\Component\\Console\\Application->doRun()
#33 C:\\Users\\Laboratório 3\\Desktop\\LARAVEL\\prova\\vendor\\laravel\\framework\\src\\Illuminate\\Foundation\\Console\\Kernel.php(197): Symfony\\Component\\Console\\Application->run()
#34 C:\\Users\\Laboratório 3\\Desktop\\LARAVEL\\prova\\vendor\\laravel\\framework\\src\\Illuminate\\Foundation\\Application.php(1234): Illuminate\\Foundation\\Console\\Kernel->handle()
#35 C:\\Users\\Laboratório 3\\Desktop\\LARAVEL\\prova\\artisan(16): Illuminate\\Foundation\\Application->handleCommand()
#36 {main}
"} 
[2025-05-26 23:16:35] local.ERROR: SQLSTATE[HY000]: General error: 1824 Failed to open the referenced table 'author' (Connection: mysql, SQL: alter table `books` add constraint `books_author_id_foreign` foreign key (`author_id`) references `author` (`id`) on delete cascade) {"exception":"[object] (Illuminate\\Database\\QueryException(code: HY000): SQLSTATE[HY000]: General error: 1824 Failed to open the referenced table 'author' (Connection: mysql, SQL: alter table `books` add constraint `books_author_id_foreign` foreign key (`author_id`) references `author` (`id`) on delete cascade) at C:\\Users\\Laboratório 3\\Desktop\\LARAVEL\\prova\\vendor\\laravel\\framework\\src\\Illuminate\\Database\\Connection.php:822)
[stacktrace]
#0 C:\\Users\\Laboratório 3\\Desktop\\LARAVEL\\prova\\vendor\\laravel\\framework\\src\\Illuminate\\Database\\Connection.php(776): Illuminate\\Database\\Connection->runQueryCallback()
#1 C:\\Users\\Laboratório 3\\Desktop\\LARAVEL\\prova\\vendor\\laravel\\framework\\src\\Illuminate\\Database\\Connection.php(557): Illuminate\\Database\\Connection->run()
#2 C:\\Users\\Laboratório 3\\Desktop\\LARAVEL\\prova\\vendor\\laravel\\framework\\src\\Illuminate\\Database\\Schema\\Blueprint.php(119): Illuminate\\Database\\Connection->statement()
#3 C:\\Users\\Laboratório 3\\Desktop\\LARAVEL\\prova\\vendor\\laravel\\framework\\src\\Illuminate\\Database\\Schema\\Builder.php(618): Illuminate\\Database\\Schema\\Blueprint->build()
#4 C:\\Users\\Laboratório 3\\Desktop\\LARAVEL\\prova\\vendor\\laravel\\framework\\src\\Illuminate\\Database\\Schema\\Builder.php(472): Illuminate\\Database\\Schema\\Builder->build()
#5 C:\\Users\\Laboratório 3\\Desktop\\LARAVEL\\prova\\vendor\\laravel\\framework\\src\\Illuminate\\Support\\Facades\\Facade.php(361): Illuminate\\Database\\Schema\\Builder->create()
#6 C:\\Users\\Laboratório 3\\Desktop\\LARAVEL\\prova\\database\\migrations\\2025_05_26_226347_create_books_table.php(14): Illuminate\\Support\\Facades\\Facade::__callStatic()
#7 C:\\Users\\Laboratório 3\\Desktop\\LARAVEL\\prova\\vendor\\laravel\\framework\\src\\Illuminate\\Database\\Migrations\\Migrator.php(514): Illuminate\\Database\\Migrations\\Migration@anonymous->up()
#8 C:\\Users\\Laboratório 3\\Desktop\\LARAVEL\\prova\\vendor\\laravel\\framework\\src\\Illuminate\\Database\\Migrations\\Migrator.php(439): Illuminate\\Database\\Migrations\\Migrator->runMethod()
#9 C:\\Users\\Laboratório 3\\Desktop\\LARAVEL\\prova\\vendor\\laravel\\framework\\src\\Illuminate\\Database\\Migrations\\Migrator.php(448): Illuminate\\Database\\Migrations\\Migrator->Illuminate\\Database\\Migrations\\{closure}()
#10 C:\\Users\\Laboratório 3\\Desktop\\LARAVEL\\prova\\vendor\\laravel\\framework\\src\\Illuminate\\Database\\Migrations\\Migrator.php(250): Illuminate\\Database\\Migrations\\Migrator->runMigration()
#11 C:\\Users\\Laboratório 3\\Desktop\\LARAVEL\\prova\\vendor\\laravel\\framework\\src\\Illuminate\\Console\\View\\Components\\Task.php(41): Illuminate\\Database\\Migrations\\Migrator->Illuminate\\Database\\Migrations\\{closure}()
#12 C:\\Users\\Laboratório 3\\Desktop\\LARAVEL\\prova\\vendor\\laravel\\framework\\src\\Illuminate\\Database\\Migrations\\Migrator.php(805): Illuminate\\Console\\View\\Components\\Task->render()
#13 C:\\Users\\Laboratório 3\\Desktop\\LARAVEL\\prova\\vendor\\laravel\\framework\\src\\Illuminate\\Database\\Migrations\\Migrator.php(250): Illuminate\\Database\\Migrations\\Migrator->write()
#14 C:\\Users\\Laboratório 3\\Desktop\\LARAVEL\\prova\\vendor\\laravel\\framework\\src\\Illuminate\\Database\\Migrations\\Migrator.php(210): Illuminate\\Database\\Migrations\\Migrator->runUp()
#15 C:\\Users\\Laboratório 3\\Desktop\\LARAVEL\\prova\\vendor\\laravel\\framework\\src\\Illuminate\\Database\\Migrations\\Migrator.php(137): Illuminate\\Database\\Migrations\\Migrator->runPending()
#16 C:\\Users\\Laboratório 3\\Desktop\\LARAVEL\\prova\\vendor\\laravel\\framework\\src\\Illuminate\\Database\\Console\\Migrations\\MigrateCommand.php(116): Illuminate\\Database\\Migrations\\Migrator->run()
#17 C:\\Users\\Laboratório 3\\Desktop\\LARAVEL\\prova\\vendor\\laravel\\framework\\src\\Illuminate\\Database\\Migrations\\Migrator.php(665): Illuminate\\Database\\Console\\Migrations\\MigrateCommand->Illuminate\\Database\\Console\\Migrations\\{closure}()
#18 C:\\Users\\Laboratório 3\\Desktop\\LARAVEL\\prova\\vendor\\laravel\\framework\\src\\Illuminate\\Database\\Console\\Migrations\\MigrateCommand.php(109): Illuminate\\Database\\Migrations\\Migrator->usingConnection()
#19 C:\\Users\\Laboratório 3\\Desktop\\LARAVEL\\prova\\vendor\\laravel\\framework\\src\\Illuminate\\Database\\Console\\Migrations\\MigrateCommand.php(88): Illuminate\\Database\\Console\\Migrations\\MigrateCommand->runMigrations()
#20 C:\\Users\\Laboratório 3\\Desktop\\LARAVEL\\prova\\vendor\\laravel\\framework\\src\\Illuminate\\Container\\BoundMethod.php(36): Illuminate\\Database\\Console\\Migrations\\MigrateCommand->handle()
#21 C:\\Users\\Laboratório 3\\Desktop\\LARAVEL\\prova\\vendor\\laravel\\framework\\src\\Illuminate\\Container\\Util.php(43): Illuminate\\Container\\BoundMethod::Illuminate\\Container\\{closure}()
#22 C:\\Users\\Laboratório 3\\Desktop\\LARAVEL\\prova\\vendor\\laravel\\framework\\src\\Illuminate\\Container\\BoundMethod.php(96): Illuminate\\Container\\Util::unwrapIfClosure()
#23 C:\\Users\\Laboratório 3\\Desktop\\LARAVEL\\prova\\vendor\\laravel\\framework\\src\\Illuminate\\Container\\BoundMethod.php(35): Illuminate\\Container\\BoundMethod::callBoundMethod()
#24 C:\\Users\\Laboratório 3\\Desktop\\LARAVEL\\prova\\vendor\\laravel\\framework\\src\\Illuminate\\Container\\Container.php(754): Illuminate\\Container\\BoundMethod::call()
#25 C:\\Users\\Laboratório 3\\Desktop\\LARAVEL\\prova\\vendor\\laravel\\framework\\src\\Illuminate\\Console\\Command.php(211): Illuminate\\Container\\Container->call()
#26 C:\\Users\\Laboratório 3\\Desktop\\LARAVEL\\prova\\vendor\\symfony\\console\\Command\\Command.php(279): Illuminate\\Console\\Command->execute()
#27 C:\\Users\\Laboratório 3\\Desktop\\LARAVEL\\prova\\vendor\\laravel\\framework\\src\\Illuminate\\Console\\Command.php(180): Symfony\\Component\\Console\\Command\\Command->run()
#28 C:\\Users\\Laboratório 3\\Desktop\\LARAVEL\\prova\\vendor\\laravel\\framework\\src\\Illuminate\\Console\\Concerns\\CallsCommands.php(68): Illuminate\\Console\\Command->run()
#29 C:\\Users\\Laboratório 3\\Desktop\\LARAVEL\\prova\\vendor\\laravel\\framework\\src\\Illuminate\\Console\\Concerns\\CallsCommands.php(29): Illuminate\\Console\\Command->runCommand()
#30 C:\\Users\\Laboratório 3\\Desktop\\LARAVEL\\prova\\vendor\\laravel\\framework\\src\\Illuminate\\Database\\Console\\Migrations\\FreshCommand.php(81): Illuminate\\Console\\Command->call()
#31 C:\\Users\\Laboratório 3\\Desktop\\LARAVEL\\prova\\vendor\\laravel\\framework\\src\\Illuminate\\Container\\BoundMethod.php(36): Illuminate\\Database\\Console\\Migrations\\FreshCommand->handle()
#32 C:\\Users\\Laboratório 3\\Desktop\\LARAVEL\\prova\\vendor\\laravel\\framework\\src\\Illuminate\\Container\\Util.php(43): Illuminate\\Container\\BoundMethod::Illuminate\\Container\\{closure}()
#33 C:\\Users\\Laboratório 3\\Desktop\\LARAVEL\\prova\\vendor\\laravel\\framework\\src\\Illuminate\\Container\\BoundMethod.php(96): Illuminate\\Container\\Util::unwrapIfClosure()
#34 C:\\Users\\Laboratório 3\\Desktop\\LARAVEL\\prova\\vendor\\laravel\\framework\\src\\Illuminate\\Container\\BoundMethod.php(35): Illuminate\\Container\\BoundMethod::callBoundMethod()
#35 C:\\Users\\Laboratório 3\\Desktop\\LARAVEL\\prova\\vendor\\laravel\\framework\\src\\Illuminate\\Container\\Container.php(754): Illuminate\\Container\\BoundMethod::call()
#36 C:\\Users\\Laboratório 3\\Desktop\\LARAVEL\\prova\\vendor\\laravel\\framework\\src\\Illuminate\\Console\\Command.php(211): Illuminate\\Container\\Container->call()
#37 C:\\Users\\Laboratório 3\\Desktop\\LARAVEL\\prova\\vendor\\symfony\\console\\Command\\Command.php(279): Illuminate\\Console\\Command->execute()
#38 C:\\Users\\Laboratório 3\\Desktop\\LARAVEL\\prova\\vendor\\laravel\\framework\\src\\Illuminate\\Console\\Command.php(180): Symfony\\Component\\Console\\Command\\Command->run()
#39 C:\\Users\\Laboratório 3\\Desktop\\LARAVEL\\prova\\vendor\\symfony\\console\\Application.php(1094): Illuminate\\Console\\Command->run()
#40 C:\\Users\\Laboratório 3\\Desktop\\LARAVEL\\prova\\vendor\\symfony\\console\\Application.php(342): Symfony\\Component\\Console\\Application->doRunCommand()
#41 C:\\Users\\Laboratório 3\\Desktop\\LARAVEL\\prova\\vendor\\symfony\\console\\Application.php(193): Symfony\\Component\\Console\\Application->doRun()
#42 C:\\Users\\Laboratório 3\\Desktop\\LARAVEL\\prova\\vendor\\laravel\\framework\\src\\Illuminate\\Foundation\\Console\\Kernel.php(197): Symfony\\Component\\Console\\Application->run()
#43 C:\\Users\\Laboratório 3\\Desktop\\LARAVEL\\prova\\vendor\\laravel\\framework\\src\\Illuminate\\Foundation\\Application.php(1234): Illuminate\\Foundation\\Console\\Kernel->handle()
#44 C:\\Users\\Laboratório 3\\Desktop\\LARAVEL\\prova\\artisan(16): Illuminate\\Foundation\\Application->handleCommand()
#45 {main}

[previous exception] [object] (PDOException(code: HY000): SQLSTATE[HY000]: General error: 1824 Failed to open the referenced table 'author' at C:\\Users\\Laboratório 3\\Desktop\\LARAVEL\\prova\\vendor\\laravel\\framework\\src\\Illuminate\\Database\\Connection.php:568)
[stacktrace]
#0 C:\\Users\\Laboratório 3\\Desktop\\LARAVEL\\prova\\vendor\\laravel\\framework\\src\\Illuminate\\Database\\Connection.php(568): PDOStatement->execute()
#1 C:\\Users\\Laboratório 3\\Desktop\\LARAVEL\\prova\\vendor\\laravel\\framework\\src\\Illuminate\\Database\\Connection.php(809): Illuminate\\Database\\Connection->Illuminate\\Database\\{closure}()
#2 C:\\Users\\Laboratório 3\\Desktop\\LARAVEL\\prova\\vendor\\laravel\\framework\\src\\Illuminate\\Database\\Connection.php(776): Illuminate\\Database\\Connection->runQueryCallback()
#3 C:\\Users\\Laboratório 3\\Desktop\\LARAVEL\\prova\\vendor\\laravel\\framework\\src\\Illuminate\\Database\\Connection.php(557): Illuminate\\Database\\Connection->run()
#4 C:\\Users\\Laboratório 3\\Desktop\\LARAVEL\\prova\\vendor\\laravel\\framework\\src\\Illuminate\\Database\\Schema\\Blueprint.php(119): Illuminate\\Database\\Connection->statement()
#5 C:\\Users\\Laboratório 3\\Desktop\\LARAVEL\\prova\\vendor\\laravel\\framework\\src\\Illuminate\\Database\\Schema\\Builder.php(618): Illuminate\\Database\\Schema\\Blueprint->build()
#6 C:\\Users\\Laboratório 3\\Desktop\\LARAVEL\\prova\\vendor\\laravel\\framework\\src\\Illuminate\\Database\\Schema\\Builder.php(472): Illuminate\\Database\\Schema\\Builder->build()
#7 C:\\Users\\Laboratório 3\\Desktop\\LARAVEL\\prova\\vendor\\laravel\\framework\\src\\Illuminate\\Support\\Facades\\Facade.php(361): Illuminate\\Database\\Schema\\Builder->create()
#8 C:\\Users\\Laboratório 3\\Desktop\\LARAVEL\\prova\\database\\migrations\\2025_05_26_226347_create_books_table.php(14): Illuminate\\Support\\Facades\\Facade::__callStatic()
#9 C:\\Users\\Laboratório 3\\Desktop\\LARAVEL\\prova\\vendor\\laravel\\framework\\src\\Illuminate\\Database\\Migrations\\Migrator.php(514): Illuminate\\Database\\Migrations\\Migration@anonymous->up()
#10 C:\\Users\\Laboratório 3\\Desktop\\LARAVEL\\prova\\vendor\\laravel\\framework\\src\\Illuminate\\Database\\Migrations\\Migrator.php(439): Illuminate\\Database\\Migrations\\Migrator->runMethod()
#11 C:\\Users\\Laboratório 3\\Desktop\\LARAVEL\\prova\\vendor\\laravel\\framework\\src\\Illuminate\\Database\\Migrations\\Migrator.php(448): Illuminate\\Database\\Migrations\\Migrator->Illuminate\\Database\\Migrations\\{closure}()
#12 C:\\Users\\Laboratório 3\\Desktop\\LARAVEL\\prova\\vendor\\laravel\\framework\\src\\Illuminate\\Database\\Migrations\\Migrator.php(250): Illuminate\\Database\\Migrations\\Migrator->runMigration()
#13 C:\\Users\\Laboratório 3\\Desktop\\LARAVEL\\prova\\vendor\\laravel\\framework\\src\\Illuminate\\Console\\View\\Components\\Task.php(41): Illuminate\\Database\\Migrations\\Migrator->Illuminate\\Database\\Migrations\\{closure}()
#14 C:\\Users\\Laboratório 3\\Desktop\\LARAVEL\\prova\\vendor\\laravel\\framework\\src\\Illuminate\\Database\\Migrations\\Migrator.php(805): Illuminate\\Console\\View\\Components\\Task->render()
#15 C:\\Users\\Laboratório 3\\Desktop\\LARAVEL\\prova\\vendor\\laravel\\framework\\src\\Illuminate\\Database\\Migrations\\Migrator.php(250): Illuminate\\Database\\Migrations\\Migrator->write()
#16 C:\\Users\\Laboratório 3\\Desktop\\LARAVEL\\prova\\vendor\\laravel\\framework\\src\\Illuminate\\Database\\Migrations\\Migrator.php(210): Illuminate\\Database\\Migrations\\Migrator->runUp()
#17 C:\\Users\\Laboratório 3\\Desktop\\LARAVEL\\prova\\vendor\\laravel\\framework\\src\\Illuminate\\Database\\Migrations\\Migrator.php(137): Illuminate\\Database\\Migrations\\Migrator->runPending()
#18 C:\\Users\\Laboratório 3\\Desktop\\LARAVEL\\prova\\vendor\\laravel\\framework\\src\\Illuminate\\Database\\Console\\Migrations\\MigrateCommand.php(116): Illuminate\\Database\\Migrations\\Migrator->run()
#19 C:\\Users\\Laboratório 3\\Desktop\\LARAVEL\\prova\\vendor\\laravel\\framework\\src\\Illuminate\\Database\\Migrations\\Migrator.php(665): Illuminate\\Database\\Console\\Migrations\\MigrateCommand->Illuminate\\Database\\Console\\Migrations\\{closure}()
#20 C:\\Users\\Laboratório 3\\Desktop\\LARAVEL\\prova\\vendor\\laravel\\framework\\src\\Illuminate\\Database\\Console\\Migrations\\MigrateCommand.php(109): Illuminate\\Database\\Migrations\\Migrator->usingConnection()
#21 C:\\Users\\Laboratório 3\\Desktop\\LARAVEL\\prova\\vendor\\laravel\\framework\\src\\Illuminate\\Database\\Console\\Migrations\\MigrateCommand.php(88): Illuminate\\Database\\Console\\Migrations\\MigrateCommand->runMigrations()
#22 C:\\Users\\Laboratório 3\\Desktop\\LARAVEL\\prova\\vendor\\laravel\\framework\\src\\Illuminate\\Container\\BoundMethod.php(36): Illuminate\\Database\\Console\\Migrations\\MigrateCommand->handle()
#23 C:\\Users\\Laboratório 3\\Desktop\\LARAVEL\\prova\\vendor\\laravel\\framework\\src\\Illuminate\\Container\\Util.php(43): Illuminate\\Container\\BoundMethod::Illuminate\\Container\\{closure}()
#24 C:\\Users\\Laboratório 3\\Desktop\\LARAVEL\\prova\\vendor\\laravel\\framework\\src\\Illuminate\\Container\\BoundMethod.php(96): Illuminate\\Container\\Util::unwrapIfClosure()
#25 C:\\Users\\Laboratório 3\\Desktop\\LARAVEL\\prova\\vendor\\laravel\\framework\\src\\Illuminate\\Container\\BoundMethod.php(35): Illuminate\\Container\\BoundMethod::callBoundMethod()
#26 C:\\Users\\Laboratório 3\\Desktop\\LARAVEL\\prova\\vendor\\laravel\\framework\\src\\Illuminate\\Container\\Container.php(754): Illuminate\\Container\\BoundMethod::call()
#27 C:\\Users\\Laboratório 3\\Desktop\\LARAVEL\\prova\\vendor\\laravel\\framework\\src\\Illuminate\\Console\\Command.php(211): Illuminate\\Container\\Container->call()
#28 C:\\Users\\Laboratório 3\\Desktop\\LARAVEL\\prova\\vendor\\symfony\\console\\Command\\Command.php(279): Illuminate\\Console\\Command->execute()
#29 C:\\Users\\Laboratório 3\\Desktop\\LARAVEL\\prova\\vendor\\laravel\\framework\\src\\Illuminate\\Console\\Command.php(180): Symfony\\Component\\Console\\Command\\Command->run()
#30 C:\\Users\\Laboratório 3\\Desktop\\LARAVEL\\prova\\vendor\\laravel\\framework\\src\\Illuminate\\Console\\Concerns\\CallsCommands.php(68): Illuminate\\Console\\Command->run()
#31 C:\\Users\\Laboratório 3\\Desktop\\LARAVEL\\prova\\vendor\\laravel\\framework\\src\\Illuminate\\Console\\Concerns\\CallsCommands.php(29): Illuminate\\Console\\Command->runCommand()
#32 C:\\Users\\Laboratório 3\\Desktop\\LARAVEL\\prova\\vendor\\laravel\\framework\\src\\Illuminate\\Database\\Console\\Migrations\\FreshCommand.php(81): Illuminate\\Console\\Command->call()
#33 C:\\Users\\Laboratório 3\\Desktop\\LARAVEL\\prova\\vendor\\laravel\\framework\\src\\Illuminate\\Container\\BoundMethod.php(36): Illuminate\\Database\\Console\\Migrations\\FreshCommand->handle()
#34 C:\\Users\\Laboratório 3\\Desktop\\LARAVEL\\prova\\vendor\\laravel\\framework\\src\\Illuminate\\Container\\Util.php(43): Illuminate\\Container\\BoundMethod::Illuminate\\Container\\{closure}()
#35 C:\\Users\\Laboratório 3\\Desktop\\LARAVEL\\prova\\vendor\\laravel\\framework\\src\\Illuminate\\Container\\BoundMethod.php(96): Illuminate\\Container\\Util::unwrapIfClosure()
#36 C:\\Users\\Laboratório 3\\Desktop\\LARAVEL\\prova\\vendor\\laravel\\framework\\src\\Illuminate\\Container\\BoundMethod.php(35): Illuminate\\Container\\BoundMethod::callBoundMethod()
#37 C:\\Users\\Laboratório 3\\Desktop\\LARAVEL\\prova\\vendor\\laravel\\framework\\src\\Illuminate\\Container\\Container.php(754): Illuminate\\Container\\BoundMethod::call()
#38 C:\\Users\\Laboratório 3\\Desktop\\LARAVEL\\prova\\vendor\\laravel\\framework\\src\\Illuminate\\Console\\Command.php(211): Illuminate\\Container\\Container->call()
#39 C:\\Users\\Laboratório 3\\Desktop\\LARAVEL\\prova\\vendor\\symfony\\console\\Command\\Command.php(279): Illuminate\\Console\\Command->execute()
#40 C:\\Users\\Laboratório 3\\Desktop\\LARAVEL\\prova\\vendor\\laravel\\framework\\src\\Illuminate\\Console\\Command.php(180): Symfony\\Component\\Console\\Command\\Command->run()
#41 C:\\Users\\Laboratório 3\\Desktop\\LARAVEL\\prova\\vendor\\symfony\\console\\Application.php(1094): Illuminate\\Console\\Command->run()
#42 C:\\Users\\Laboratório 3\\Desktop\\LARAVEL\\prova\\vendor\\symfony\\console\\Application.php(342): Symfony\\Component\\Console\\Application->doRunCommand()
#43 C:\\Users\\Laboratório 3\\Desktop\\LARAVEL\\prova\\vendor\\symfony\\console\\Application.php(193): Symfony\\Component\\Console\\Application->doRun()
#44 C:\\Users\\Laboratório 3\\Desktop\\LARAVEL\\prova\\vendor\\laravel\\framework\\src\\Illuminate\\Foundation\\Console\\Kernel.php(197): Symfony\\Component\\Console\\Application->run()
#45 C:\\Users\\Laboratório 3\\Desktop\\LARAVEL\\prova\\vendor\\laravel\\framework\\src\\Illuminate\\Foundation\\Application.php(1234): Illuminate\\Foundation\\Console\\Kernel->handle()
#46 C:\\Users\\Laboratório 3\\Desktop\\LARAVEL\\prova\\artisan(16): Illuminate\\Foundation\\Application->handleCommand()
#47 {main}
"} 
